2019-07-07 23:35:06.190 [restartedMain] INFO  com.blog.blog.BlogApplication - Starting BlogApplication on DESKTOP-7N6P179 with PID 3256 (F:\GitHub\blog\target\classes started by Administrator in F:\GitHub\blog)
2019-07-07 23:35:06.190 [restartedMain] DEBUG com.blog.blog.BlogApplication - Running with Spring Boot v2.1.6.RELEASE, Spring v5.1.8.RELEASE
2019-07-07 23:35:06.190 [restartedMain] INFO  com.blog.blog.BlogApplication - No active profile set, falling back to default profiles: default
2019-07-07 23:35:06.237 [restartedMain] INFO  o.s.b.d.env.DevToolsPropertyDefaultsPostProcessor - Devtools property defaults active! Set 'spring.devtools.add-properties' to 'false' to disable
2019-07-07 23:35:06.237 [restartedMain] INFO  o.s.b.d.env.DevToolsPropertyDefaultsPostProcessor - For additional web related logging consider setting the 'logging.level.web' property to 'DEBUG'
2019-07-07 23:35:06.980 [restartedMain] INFO  o.s.boot.web.embedded.tomcat.TomcatWebServer - Tomcat initialized with port(s): 10000 (http)
2019-07-07 23:35:06.990 [restartedMain] INFO  org.apache.coyote.http11.Http11NioProtocol - Initializing ProtocolHandler ["http-nio-10000"]
2019-07-07 23:35:06.996 [restartedMain] INFO  org.apache.catalina.core.StandardService - Starting service [Tomcat]
2019-07-07 23:35:06.996 [restartedMain] INFO  org.apache.catalina.core.StandardEngine - Starting Servlet engine: [Apache Tomcat/9.0.21]
2019-07-07 23:35:07.059 [restartedMain] INFO  o.a.c.core.ContainerBase.[Tomcat].[localhost].[/] - Initializing Spring embedded WebApplicationContext
2019-07-07 23:35:07.059 [restartedMain] INFO  org.springframework.web.context.ContextLoader - Root WebApplicationContext: initialization completed in 822 ms
2019-07-07 23:35:07.097 [restartedMain] DEBUG o.h.v.i.engine.resolver.TraversableResolvers - Cannot find javax.persistence.Persistence on classpath. Assuming non JPA 2 environment. All properties will per default be traversable.
2019-07-07 23:35:07.097 [restartedMain] DEBUG o.h.v.m.ResourceBundleMessageInterpolator - Loaded expression factory via original TCCL
2019-07-07 23:35:07.097 [restartedMain] DEBUG o.h.v.i.engine.resolver.TraversableResolvers - Cannot find javax.persistence.Persistence on classpath. Assuming non JPA 2 environment. All properties will per default be traversable.
2019-07-07 23:35:07.097 [restartedMain] DEBUG o.h.validator.internal.engine.ConfigurationImpl - Setting custom MessageInterpolator of type org.springframework.validation.beanvalidation.LocaleContextMessageInterpolator
2019-07-07 23:35:07.097 [restartedMain] DEBUG o.h.validator.internal.engine.ConfigurationImpl - Setting custom ConstraintValidatorFactory of type org.springframework.validation.beanvalidation.SpringConstraintValidatorFactory
2019-07-07 23:35:07.097 [restartedMain] DEBUG o.h.validator.internal.engine.ConfigurationImpl - Setting custom ParameterNameProvider of type org.springframework.validation.beanvalidation.LocalValidatorFactoryBean$1
2019-07-07 23:35:07.097 [restartedMain] DEBUG o.h.v.internal.xml.config.ValidationXmlParser - Trying to load META-INF/validation.xml for XML based Validator configuration.
2019-07-07 23:35:07.097 [restartedMain] DEBUG o.h.v.internal.xml.config.ResourceLoaderHelper - Trying to load META-INF/validation.xml via user class loader
2019-07-07 23:35:07.097 [restartedMain] DEBUG o.h.v.internal.xml.config.ResourceLoaderHelper - Trying to load META-INF/validation.xml via TCCL
2019-07-07 23:35:07.097 [restartedMain] DEBUG o.h.v.internal.xml.config.ResourceLoaderHelper - Trying to load META-INF/validation.xml via Hibernate Validator's class loader
2019-07-07 23:35:07.097 [restartedMain] DEBUG o.h.v.internal.xml.config.ValidationXmlParser - No META-INF/validation.xml found. Using annotation based configuration only.
2019-07-07 23:35:07.097 [restartedMain] DEBUG o.h.validator.internal.engine.ValidatorFactoryImpl - HV000234: Using org.springframework.validation.beanvalidation.LocaleContextMessageInterpolator as ValidatorFactory-scoped message interpolator.
2019-07-07 23:35:07.112 [restartedMain] DEBUG o.h.validator.internal.engine.ValidatorFactoryImpl - HV000234: Using org.hibernate.validator.internal.engine.resolver.TraverseAllTraversableResolver as ValidatorFactory-scoped traversable resolver.
2019-07-07 23:35:07.112 [restartedMain] DEBUG o.h.validator.internal.engine.ValidatorFactoryImpl - HV000234: Using org.hibernate.validator.internal.util.ExecutableParameterNameProvider as ValidatorFactory-scoped parameter name provider.
2019-07-07 23:35:07.112 [restartedMain] DEBUG o.h.validator.internal.engine.ValidatorFactoryImpl - HV000234: Using org.hibernate.validator.internal.engine.DefaultClockProvider as ValidatorFactory-scoped clock provider.
2019-07-07 23:35:07.112 [restartedMain] DEBUG o.h.validator.internal.engine.ValidatorFactoryImpl - HV000234: Using org.hibernate.validator.internal.engine.scripting.DefaultScriptEvaluatorFactory as ValidatorFactory-scoped script evaluator factory.
2019-07-07 23:35:07.206 [restartedMain] INFO  o.s.scheduling.concurrent.ThreadPoolTaskExecutor - Initializing ExecutorService 'applicationTaskExecutor'
2019-07-07 23:35:07.333 [restartedMain] INFO  o.s.b.d.autoconfigure.OptionalLiveReloadServer - LiveReload server is running on port 35729
2019-07-07 23:35:07.349 [restartedMain] INFO  org.apache.coyote.http11.Http11NioProtocol - Starting ProtocolHandler ["http-nio-10000"]
2019-07-07 23:35:07.364 [restartedMain] INFO  o.s.boot.web.embedded.tomcat.TomcatWebServer - Tomcat started on port(s): 10000 (http) with context path ''
2019-07-07 23:35:07.380 [restartedMain] INFO  com.blog.blog.BlogApplication - Started BlogApplication in 1.511 seconds (JVM running for 2.045)
2019-07-07 23:35:39.224 [http-nio-10000-exec-1] INFO  o.a.c.core.ContainerBase.[Tomcat].[localhost].[/] - Initializing Spring DispatcherServlet 'dispatcherServlet'
2019-07-07 23:35:39.224 [http-nio-10000-exec-1] INFO  org.springframework.web.servlet.DispatcherServlet - Initializing Servlet 'dispatcherServlet'
2019-07-07 23:35:39.266 [http-nio-10000-exec-1] INFO  org.springframework.web.servlet.DispatcherServlet - Completed initialization in 42 ms
2019-07-07 23:37:06.040 [Thread-11] INFO  o.s.scheduling.concurrent.ThreadPoolTaskExecutor - Shutting down ExecutorService 'applicationTaskExecutor'
2019-07-07 23:37:09.323 [restartedMain] INFO  com.blog.blog.BlogApplication - Starting BlogApplication on DESKTOP-7N6P179 with PID 856 (F:\GitHub\blog\target\classes started by Administrator in F:\GitHub\blog)
2019-07-07 23:37:09.325 [restartedMain] DEBUG com.blog.blog.BlogApplication - Running with Spring Boot v2.1.6.RELEASE, Spring v5.1.8.RELEASE
2019-07-07 23:37:09.326 [restartedMain] INFO  com.blog.blog.BlogApplication - No active profile set, falling back to default profiles: default
2019-07-07 23:37:09.369 [restartedMain] INFO  o.s.b.d.env.DevToolsPropertyDefaultsPostProcessor - Devtools property defaults active! Set 'spring.devtools.add-properties' to 'false' to disable
2019-07-07 23:37:09.370 [restartedMain] INFO  o.s.b.d.env.DevToolsPropertyDefaultsPostProcessor - For additional web related logging consider setting the 'logging.level.web' property to 'DEBUG'
2019-07-07 23:37:10.103 [restartedMain] INFO  o.s.boot.web.embedded.tomcat.TomcatWebServer - Tomcat initialized with port(s): 10000 (http)
2019-07-07 23:37:10.113 [restartedMain] INFO  org.apache.coyote.http11.Http11NioProtocol - Initializing ProtocolHandler ["http-nio-10000"]
2019-07-07 23:37:10.118 [restartedMain] INFO  org.apache.catalina.core.StandardService - Starting service [Tomcat]
2019-07-07 23:37:10.118 [restartedMain] INFO  org.apache.catalina.core.StandardEngine - Starting Servlet engine: [Apache Tomcat/9.0.21]
2019-07-07 23:37:10.181 [restartedMain] INFO  o.a.c.core.ContainerBase.[Tomcat].[localhost].[/] - Initializing Spring embedded WebApplicationContext
2019-07-07 23:37:10.181 [restartedMain] INFO  org.springframework.web.context.ContextLoader - Root WebApplicationContext: initialization completed in 811 ms
2019-07-07 23:37:10.224 [restartedMain] DEBUG o.h.v.i.engine.resolver.TraversableResolvers - Cannot find javax.persistence.Persistence on classpath. Assuming non JPA 2 environment. All properties will per default be traversable.
2019-07-07 23:37:10.225 [restartedMain] DEBUG o.h.v.m.ResourceBundleMessageInterpolator - Loaded expression factory via original TCCL
2019-07-07 23:37:10.227 [restartedMain] DEBUG o.h.v.i.engine.resolver.TraversableResolvers - Cannot find javax.persistence.Persistence on classpath. Assuming non JPA 2 environment. All properties will per default be traversable.
2019-07-07 23:37:10.228 [restartedMain] DEBUG o.h.validator.internal.engine.ConfigurationImpl - Setting custom MessageInterpolator of type org.springframework.validation.beanvalidation.LocaleContextMessageInterpolator
2019-07-07 23:37:10.229 [restartedMain] DEBUG o.h.validator.internal.engine.ConfigurationImpl - Setting custom ConstraintValidatorFactory of type org.springframework.validation.beanvalidation.SpringConstraintValidatorFactory
2019-07-07 23:37:10.229 [restartedMain] DEBUG o.h.validator.internal.engine.ConfigurationImpl - Setting custom ParameterNameProvider of type org.springframework.validation.beanvalidation.LocalValidatorFactoryBean$1
2019-07-07 23:37:10.230 [restartedMain] DEBUG o.h.v.internal.xml.config.ValidationXmlParser - Trying to load META-INF/validation.xml for XML based Validator configuration.
2019-07-07 23:37:10.230 [restartedMain] DEBUG o.h.v.internal.xml.config.ResourceLoaderHelper - Trying to load META-INF/validation.xml via user class loader
2019-07-07 23:37:10.230 [restartedMain] DEBUG o.h.v.internal.xml.config.ResourceLoaderHelper - Trying to load META-INF/validation.xml via TCCL
2019-07-07 23:37:10.230 [restartedMain] DEBUG o.h.v.internal.xml.config.ResourceLoaderHelper - Trying to load META-INF/validation.xml via Hibernate Validator's class loader
2019-07-07 23:37:10.230 [restartedMain] DEBUG o.h.v.internal.xml.config.ValidationXmlParser - No META-INF/validation.xml found. Using annotation based configuration only.
2019-07-07 23:37:10.234 [restartedMain] DEBUG o.h.validator.internal.engine.ValidatorFactoryImpl - HV000234: Using org.springframework.validation.beanvalidation.LocaleContextMessageInterpolator as ValidatorFactory-scoped message interpolator.
2019-07-07 23:37:10.234 [restartedMain] DEBUG o.h.validator.internal.engine.ValidatorFactoryImpl - HV000234: Using org.hibernate.validator.internal.engine.resolver.TraverseAllTraversableResolver as ValidatorFactory-scoped traversable resolver.
2019-07-07 23:37:10.234 [restartedMain] DEBUG o.h.validator.internal.engine.ValidatorFactoryImpl - HV000234: Using org.hibernate.validator.internal.util.ExecutableParameterNameProvider as ValidatorFactory-scoped parameter name provider.
2019-07-07 23:37:10.234 [restartedMain] DEBUG o.h.validator.internal.engine.ValidatorFactoryImpl - HV000234: Using org.hibernate.validator.internal.engine.DefaultClockProvider as ValidatorFactory-scoped clock provider.
2019-07-07 23:37:10.234 [restartedMain] DEBUG o.h.validator.internal.engine.ValidatorFactoryImpl - HV000234: Using org.hibernate.validator.internal.engine.scripting.DefaultScriptEvaluatorFactory as ValidatorFactory-scoped script evaluator factory.
2019-07-07 23:37:10.325 [restartedMain] INFO  o.s.scheduling.concurrent.ThreadPoolTaskExecutor - Initializing ExecutorService 'applicationTaskExecutor'
2019-07-07 23:37:10.459 [restartedMain] INFO  o.s.b.d.autoconfigure.OptionalLiveReloadServer - LiveReload server is running on port 35729
2019-07-07 23:37:10.476 [restartedMain] INFO  org.apache.coyote.http11.Http11NioProtocol - Starting ProtocolHandler ["http-nio-10000"]
2019-07-07 23:37:10.492 [restartedMain] INFO  o.s.boot.web.embedded.tomcat.TomcatWebServer - Tomcat started on port(s): 10000 (http) with context path ''
2019-07-07 23:37:10.495 [restartedMain] INFO  com.blog.blog.BlogApplication - Started BlogApplication in 1.526 seconds (JVM running for 2.053)
2019-07-07 23:37:14.733 [http-nio-10000-exec-1] INFO  o.a.c.core.ContainerBase.[Tomcat].[localhost].[/] - Initializing Spring DispatcherServlet 'dispatcherServlet'
2019-07-07 23:37:14.734 [http-nio-10000-exec-1] INFO  org.springframework.web.servlet.DispatcherServlet - Initializing Servlet 'dispatcherServlet'
2019-07-07 23:37:14.771 [http-nio-10000-exec-1] INFO  org.springframework.web.servlet.DispatcherServlet - Completed initialization in 37 ms
