2019-07-07 23:35:06.190 [restartedMain] DEBUG com.blog.blog.BlogApplication - Running with Spring Boot v2.1.6.RELEASE, Spring v5.1.8.RELEASE
2019-07-07 23:35:07.097 [restartedMain] DEBUG o.h.v.i.engine.resolver.TraversableResolvers - Cannot find javax.persistence.Persistence on classpath. Assuming non JPA 2 environment. All properties will per default be traversable.
2019-07-07 23:35:07.097 [restartedMain] DEBUG o.h.v.m.ResourceBundleMessageInterpolator - Loaded expression factory via original TCCL
2019-07-07 23:35:07.097 [restartedMain] DEBUG o.h.v.i.engine.resolver.TraversableResolvers - Cannot find javax.persistence.Persistence on classpath. Assuming non JPA 2 environment. All properties will per default be traversable.
2019-07-07 23:35:07.097 [restartedMain] DEBUG o.h.validator.internal.engine.ConfigurationImpl - Setting custom MessageInterpolator of type org.springframework.validation.beanvalidation.LocaleContextMessageInterpolator
2019-07-07 23:35:07.097 [restartedMain] DEBUG o.h.validator.internal.engine.ConfigurationImpl - Setting custom ConstraintValidatorFactory of type org.springframework.validation.beanvalidation.SpringConstraintValidatorFactory
2019-07-07 23:35:07.097 [restartedMain] DEBUG o.h.validator.internal.engine.ConfigurationImpl - Setting custom ParameterNameProvider of type org.springframework.validation.beanvalidation.LocalValidatorFactoryBean$1
2019-07-07 23:35:07.097 [restartedMain] DEBUG o.h.v.internal.xml.config.ValidationXmlParser - Trying to load META-INF/validation.xml for XML based Validator configuration.
2019-07-07 23:35:07.097 [restartedMain] DEBUG o.h.v.internal.xml.config.ResourceLoaderHelper - Trying to load META-INF/validation.xml via user class loader
2019-07-07 23:35:07.097 [restartedMain] DEBUG o.h.v.internal.xml.config.ResourceLoaderHelper - Trying to load META-INF/validation.xml via TCCL
2019-07-07 23:35:07.097 [restartedMain] DEBUG o.h.v.internal.xml.config.ResourceLoaderHelper - Trying to load META-INF/validation.xml via Hibernate Validator's class loader
2019-07-07 23:35:07.097 [restartedMain] DEBUG o.h.v.internal.xml.config.ValidationXmlParser - No META-INF/validation.xml found. Using annotation based configuration only.
2019-07-07 23:35:07.097 [restartedMain] DEBUG o.h.validator.internal.engine.ValidatorFactoryImpl - HV000234: Using org.springframework.validation.beanvalidation.LocaleContextMessageInterpolator as ValidatorFactory-scoped message interpolator.
2019-07-07 23:35:07.112 [restartedMain] DEBUG o.h.validator.internal.engine.ValidatorFactoryImpl - HV000234: Using org.hibernate.validator.internal.engine.resolver.TraverseAllTraversableResolver as ValidatorFactory-scoped traversable resolver.
2019-07-07 23:35:07.112 [restartedMain] DEBUG o.h.validator.internal.engine.ValidatorFactoryImpl - HV000234: Using org.hibernate.validator.internal.util.ExecutableParameterNameProvider as ValidatorFactory-scoped parameter name provider.
2019-07-07 23:35:07.112 [restartedMain] DEBUG o.h.validator.internal.engine.ValidatorFactoryImpl - HV000234: Using org.hibernate.validator.internal.engine.DefaultClockProvider as ValidatorFactory-scoped clock provider.
2019-07-07 23:35:07.112 [restartedMain] DEBUG o.h.validator.internal.engine.ValidatorFactoryImpl - HV000234: Using org.hibernate.validator.internal.engine.scripting.DefaultScriptEvaluatorFactory as ValidatorFactory-scoped script evaluator factory.
2019-07-07 23:37:09.325 [restartedMain] DEBUG com.blog.blog.BlogApplication - Running with Spring Boot v2.1.6.RELEASE, Spring v5.1.8.RELEASE
2019-07-07 23:37:10.224 [restartedMain] DEBUG o.h.v.i.engine.resolver.TraversableResolvers - Cannot find javax.persistence.Persistence on classpath. Assuming non JPA 2 environment. All properties will per default be traversable.
2019-07-07 23:37:10.225 [restartedMain] DEBUG o.h.v.m.ResourceBundleMessageInterpolator - Loaded expression factory via original TCCL
2019-07-07 23:37:10.227 [restartedMain] DEBUG o.h.v.i.engine.resolver.TraversableResolvers - Cannot find javax.persistence.Persistence on classpath. Assuming non JPA 2 environment. All properties will per default be traversable.
2019-07-07 23:37:10.228 [restartedMain] DEBUG o.h.validator.internal.engine.ConfigurationImpl - Setting custom MessageInterpolator of type org.springframework.validation.beanvalidation.LocaleContextMessageInterpolator
2019-07-07 23:37:10.229 [restartedMain] DEBUG o.h.validator.internal.engine.ConfigurationImpl - Setting custom ConstraintValidatorFactory of type org.springframework.validation.beanvalidation.SpringConstraintValidatorFactory
2019-07-07 23:37:10.229 [restartedMain] DEBUG o.h.validator.internal.engine.ConfigurationImpl - Setting custom ParameterNameProvider of type org.springframework.validation.beanvalidation.LocalValidatorFactoryBean$1
2019-07-07 23:37:10.230 [restartedMain] DEBUG o.h.v.internal.xml.config.ValidationXmlParser - Trying to load META-INF/validation.xml for XML based Validator configuration.
2019-07-07 23:37:10.230 [restartedMain] DEBUG o.h.v.internal.xml.config.ResourceLoaderHelper - Trying to load META-INF/validation.xml via user class loader
2019-07-07 23:37:10.230 [restartedMain] DEBUG o.h.v.internal.xml.config.ResourceLoaderHelper - Trying to load META-INF/validation.xml via TCCL
2019-07-07 23:37:10.230 [restartedMain] DEBUG o.h.v.internal.xml.config.ResourceLoaderHelper - Trying to load META-INF/validation.xml via Hibernate Validator's class loader
2019-07-07 23:37:10.230 [restartedMain] DEBUG o.h.v.internal.xml.config.ValidationXmlParser - No META-INF/validation.xml found. Using annotation based configuration only.
2019-07-07 23:37:10.234 [restartedMain] DEBUG o.h.validator.internal.engine.ValidatorFactoryImpl - HV000234: Using org.springframework.validation.beanvalidation.LocaleContextMessageInterpolator as ValidatorFactory-scoped message interpolator.
2019-07-07 23:37:10.234 [restartedMain] DEBUG o.h.validator.internal.engine.ValidatorFactoryImpl - HV000234: Using org.hibernate.validator.internal.engine.resolver.TraverseAllTraversableResolver as ValidatorFactory-scoped traversable resolver.
2019-07-07 23:37:10.234 [restartedMain] DEBUG o.h.validator.internal.engine.ValidatorFactoryImpl - HV000234: Using org.hibernate.validator.internal.util.ExecutableParameterNameProvider as ValidatorFactory-scoped parameter name provider.
2019-07-07 23:37:10.234 [restartedMain] DEBUG o.h.validator.internal.engine.ValidatorFactoryImpl - HV000234: Using org.hibernate.validator.internal.engine.DefaultClockProvider as ValidatorFactory-scoped clock provider.
2019-07-07 23:37:10.234 [restartedMain] DEBUG o.h.validator.internal.engine.ValidatorFactoryImpl - HV000234: Using org.hibernate.validator.internal.engine.scripting.DefaultScriptEvaluatorFactory as ValidatorFactory-scoped script evaluator factory.
